#-----------------------------------------------------------
# Vivado v2018.2 (64-bit)
# SW Build 2258646 on Thu Jun 14 20:03:12 MDT 2018
# IP Build 2256618 on Thu Jun 14 22:10:49 MDT 2018
# Start of session at: Thu Sep 26 09:40:08 2019
# Process ID: 6168
# Current directory: C:/Users/shuyuz/Desktop/Xilinx_work/20190902/AWS_aes
# Command line: vivado.exe -gui_launcher_event rodinguilauncherevent12496 C:\Users\shuyuz\Desktop\Xilinx_work\20190902\AWS_aes\AWS_aes.xpr
# Log file: C:/Users/shuyuz/Desktop/Xilinx_work/20190902/AWS_aes/vivado.log
# Journal file: C:/Users/shuyuz/Desktop/Xilinx_work/20190902/AWS_aes\vivado.jou
#-----------------------------------------------------------
start_gui
open_project C:/Users/shuyuz/Desktop/Xilinx_work/20190902/AWS_aes/AWS_aes.xpr
Scanning sources...
Finished scanning sources
INFO: [IP_Flow 19-234] Refreshing IP repositories
INFO: [IP_Flow 19-1704] No user IP repositories specified
INFO: [IP_Flow 19-2313] Loaded Vivado IP repository 'C:/Xilinx/Vivado/2018.2/data/ip'.
open_project: Time (s): cpu = 00:00:14 ; elapsed = 00:00:08 . Memory (MB): peak = 938.172 ; gain = 212.793
update_compile_order -fileset sources_1
exit
INFO: [Common 17-206] Exiting Vivado at Thu Sep 26 09:41:07 2019...
