#-----------------------------------------------------------
# Vivado v2018.2 (64-bit)
# SW Build 2258646 on Thu Jun 14 20:03:12 MDT 2018
# IP Build 2256618 on Thu Jun 14 22:10:49 MDT 2018
# Start of session at: Thu Sep 26 14:23:09 2019
# Process ID: 8964
# Current directory: C:/Users/shuyuz/Desktop/Xilinx_work/20190902/AWS_aes
# Command line: vivado.exe -gui_launcher_event rodinguilauncherevent15136 C:\Users\shuyuz\Desktop\Xilinx_work\20190902\AWS_aes\AWS_aes.xpr
# Log file: C:/Users/shuyuz/Desktop/Xilinx_work/20190902/AWS_aes/vivado.log
# Journal file: C:/Users/shuyuz/Desktop/Xilinx_work/20190902/AWS_aes\vivado.jou
#-----------------------------------------------------------
start_gui
open_project C:/Users/shuyuz/Desktop/Xilinx_work/20190902/AWS_aes/AWS_aes.xpr
Scanning sources...
Finished scanning sources
INFO: [IP_Flow 19-234] Refreshing IP repositories
INFO: [IP_Flow 19-1704] No user IP repositories specified
INFO: [IP_Flow 19-2313] Loaded Vivado IP repository 'C:/Xilinx/Vivado/2018.2/data/ip'.
open_project: Time (s): cpu = 00:00:15 ; elapsed = 00:00:08 . Memory (MB): peak = 868.852 ; gain = 191.305
update_compile_order -fileset sources_1
update_compile_order -fileset sim_1
update_compile_order -fileset sim_1
launch_simulation
INFO: [Vivado 12-5698] Checking validity of IPs in the design for the 'XSim' simulator...
INFO: [Vivado 12-5682] Launching behavioral simulation in 'C:/Users/shuyuz/Desktop/Xilinx_work/20190902/AWS_aes/AWS_aes.sim/sim_1/behav/xsim'
INFO: [Vivado 12-4795] Using compiled simulation libraries for IPs
INFO: [SIM-utils-51] Simulation object is 'sim_1'
INFO: [USF-XSim-7] Finding pre-compiled libraries...
INFO: [USF-XSim-11] File 'C:/Xilinx/Vivado/2018.2/data/xsim/xsim.ini' copied to run dir:'C:/Users/shuyuz/Desktop/Xilinx_work/20190902/AWS_aes/AWS_aes.sim/sim_1/behav/xsim'
INFO: [SIM-utils-54] Inspecting design source files for 'AWS_aes_top_tb' in fileset 'sim_1'...
INFO: [USF-XSim-97] Finding global include files...
INFO: [USF-XSim-98] Fetching design files from 'sim_1'...
INFO: [USF-XSim-2] XSim::Compile design
INFO: [USF-XSim-61] Executing 'COMPILE and ANALYZE' step in 'C:/Users/shuyuz/Desktop/Xilinx_work/20190902/AWS_aes/AWS_aes.sim/sim_1/behav/xsim'
"xvlog --incr --relax -prj AWS_aes_top_tb_vlog.prj"
INFO: [VRFC 10-2263] Analyzing Verilog file "C:/Users/shuyuz/Desktop/Xilinx_work/20190902/AWS_aes/AWS_aes.srcs/sources_1/ip/blk_mem_gen_0/sim/blk_mem_gen_0.v" into library xil_defaultlib
INFO: [VRFC 10-311] analyzing module blk_mem_gen_0
INFO: [VRFC 10-2263] Analyzing Verilog file "C:/Users/shuyuz/Desktop/Xilinx_work/20190902/AWS_aes/AWS_aes.srcs/sources_1/ip/clk_wiz_0/clk_wiz_0_clk_wiz.v" into library xil_defaultlib
INFO: [VRFC 10-311] analyzing module clk_wiz_0_clk_wiz
INFO: [VRFC 10-2263] Analyzing Verilog file "C:/Users/shuyuz/Desktop/Xilinx_work/20190902/AWS_aes/AWS_aes.srcs/sources_1/ip/clk_wiz_0/clk_wiz_0.v" into library xil_defaultlib
INFO: [VRFC 10-311] analyzing module clk_wiz_0
INFO: [VRFC 10-2263] Analyzing Verilog file "C:/Users/shuyuz/Desktop/Xilinx_work/20190902/AWS_aes/AWS_aes.srcs/sources_1/new/AWS_aes_top.v" into library xil_defaultlib
INFO: [VRFC 10-311] analyzing module AWS_aes_top
INFO: [VRFC 10-2263] Analyzing Verilog file "C:/Users/shuyuz/Desktop/Xilinx_work/20190902/AWS_aes/verilog/qspi/QSPI_slave.v" into library xil_defaultlib
INFO: [VRFC 10-311] analyzing module QSPI_slave
INFO: [VRFC 10-2263] Analyzing Verilog file "C:/Users/shuyuz/Desktop/Xilinx_work/20190902/AWS_aes/verilog/light_sensor/ad_drive.v" into library xil_defaultlib
INFO: [VRFC 10-311] analyzing module ad_drive
WARNING: [VRFC 10-1315] redeclaration of ansi port data128 is not allowed [C:/Users/shuyuz/Desktop/Xilinx_work/20190902/AWS_aes/verilog/light_sensor/ad_drive.v:39]
INFO: [VRFC 10-2263] Analyzing Verilog file "C:/Users/shuyuz/Desktop/Xilinx_work/20190902/AWS_aes/verilog/aes_cipher_core/aes_cipher_top.v" into library xil_defaultlib
INFO: [VRFC 10-311] analyzing module aes_cipher_top
INFO: [VRFC 10-2263] Analyzing Verilog file "C:/Users/shuyuz/Desktop/Xilinx_work/20190902/AWS_aes/verilog/aes_cipher_core/aes_key_expand_128.v" into library xil_defaultlib
INFO: [VRFC 10-311] analyzing module aes_key_expand_128
INFO: [VRFC 10-2263] Analyzing Verilog file "C:/Users/shuyuz/Desktop/Xilinx_work/20190902/AWS_aes/verilog/aes_cipher_core/aes_rcon.v" into library xil_defaultlib
INFO: [VRFC 10-311] analyzing module aes_rcon
INFO: [VRFC 10-2263] Analyzing Verilog file "C:/Users/shuyuz/Desktop/Xilinx_work/20190902/AWS_aes/verilog/aes_cipher_core/aes_sbox.v" into library xil_defaultlib
INFO: [VRFC 10-311] analyzing module aes_sbox
INFO: [VRFC 10-2263] Analyzing Verilog file "C:/Users/shuyuz/Desktop/Xilinx_work/20190902/AWS_aes/verilog/key_128test/key_128test.v" into library xil_defaultlib
INFO: [VRFC 10-311] analyzing module key_128test
WARNING: [VRFC 10-1315] redeclaration of ansi port en is not allowed [C:/Users/shuyuz/Desktop/Xilinx_work/20190902/AWS_aes/verilog/key_128test/key_128test.v:29]
WARNING: [VRFC 10-1315] redeclaration of ansi port key_data is not allowed [C:/Users/shuyuz/Desktop/Xilinx_work/20190902/AWS_aes/verilog/key_128test/key_128test.v:30]
INFO: [VRFC 10-2263] Analyzing Verilog file "C:/Users/shuyuz/Desktop/Xilinx_work/20190902/AWS_aes/verilog/light_sensor/light_sensor.v" into library xil_defaultlib
INFO: [VRFC 10-311] analyzing module light_sensor
INFO: [VRFC 10-2263] Analyzing Verilog file "C:/Users/shuyuz/Desktop/Xilinx_work/20190902/AWS_aes/verilog/ram_count/ram_count.v" into library xil_defaultlib
INFO: [VRFC 10-311] analyzing module ram_count
INFO: [VRFC 10-2263] Analyzing Verilog file "C:/Users/shuyuz/Desktop/Xilinx_work/20190902/AWS_aes/AWS_aes.srcs/sim_1/new/AWS_aes_top_tb.v" into library xil_defaultlib
INFO: [VRFC 10-311] analyzing module AWS_aes_top_tb
INFO: [USF-XSim-69] 'compile' step finished in '1' seconds
INFO: [USF-XSim-3] XSim::Elaborate design
INFO: [USF-XSim-61] Executing 'ELABORATE' step in 'C:/Users/shuyuz/Desktop/Xilinx_work/20190902/AWS_aes/AWS_aes.sim/sim_1/behav/xsim'
Vivado Simulator 2018.2
Copyright 1986-1999, 2001-2018 Xilinx, Inc. All Rights Reserved.
Running: C:/Xilinx/Vivado/2018.2/bin/unwrapped/win64.o/xelab.exe -wto 94413ddf38c945fc9ff03aa0f06a71bf --incr --debug typical --relax --mt 2 -L blk_mem_gen_v8_4_1 -L xil_defaultlib -L unisims_ver -L unimacro_ver -L secureip -L xpm --snapshot AWS_aes_top_tb_behav xil_defaultlib.AWS_aes_top_tb xil_defaultlib.glbl -log elaborate.log 
Using 2 slave threads.
Starting static elaboration
WARNING: [VRFC 10-278] actual bit length 8 differs from formal bit length 32 for port o_addr [C:/Users/shuyuz/Desktop/Xilinx_work/20190902/AWS_aes/AWS_aes.srcs/sources_1/new/AWS_aes_top.v:131]
ERROR: [VRFC 10-529] concurrent assignment to a non-net R_qspi_io0 is not permitted [C:/Users/shuyuz/Desktop/Xilinx_work/20190902/AWS_aes/AWS_aes.srcs/sim_1/new/AWS_aes_top_tb.v:287]
ERROR: [VRFC 10-1146] non-net variable cannot be connected to inout port qspi_d0 [C:/Users/shuyuz/Desktop/Xilinx_work/20190902/AWS_aes/AWS_aes.srcs/sim_1/new/AWS_aes_top_tb.v:287]
ERROR: [VRFC 10-529] concurrent assignment to a non-net R_qspi_io1 is not permitted [C:/Users/shuyuz/Desktop/Xilinx_work/20190902/AWS_aes/AWS_aes.srcs/sim_1/new/AWS_aes_top_tb.v:288]
ERROR: [VRFC 10-1146] non-net variable cannot be connected to inout port qspi_d1 [C:/Users/shuyuz/Desktop/Xilinx_work/20190902/AWS_aes/AWS_aes.srcs/sim_1/new/AWS_aes_top_tb.v:288]
ERROR: [VRFC 10-529] concurrent assignment to a non-net R_qspi_io2 is not permitted [C:/Users/shuyuz/Desktop/Xilinx_work/20190902/AWS_aes/AWS_aes.srcs/sim_1/new/AWS_aes_top_tb.v:289]
ERROR: [VRFC 10-1146] non-net variable cannot be connected to inout port qspi_d2 [C:/Users/shuyuz/Desktop/Xilinx_work/20190902/AWS_aes/AWS_aes.srcs/sim_1/new/AWS_aes_top_tb.v:289]
ERROR: [VRFC 10-529] concurrent assignment to a non-net R_qspi_io3 is not permitted [C:/Users/shuyuz/Desktop/Xilinx_work/20190902/AWS_aes/AWS_aes.srcs/sim_1/new/AWS_aes_top_tb.v:290]
ERROR: [VRFC 10-1146] non-net variable cannot be connected to inout port qspi_d3 [C:/Users/shuyuz/Desktop/Xilinx_work/20190902/AWS_aes/AWS_aes.srcs/sim_1/new/AWS_aes_top_tb.v:290]
ERROR: [XSIM 43-3322] Static elaboration of top level Verilog design unit(s) in library work failed.
INFO: [USF-XSim-69] 'elaborate' step finished in '2' seconds
INFO: [USF-XSim-99] Step results log file:'C:/Users/shuyuz/Desktop/Xilinx_work/20190902/AWS_aes/AWS_aes.sim/sim_1/behav/xsim/elaborate.log'
ERROR: [USF-XSim-62] 'elaborate' step failed with error(s). Please check the Tcl console output or 'C:/Users/shuyuz/Desktop/Xilinx_work/20190902/AWS_aes/AWS_aes.sim/sim_1/behav/xsim/elaborate.log' file for more information.
ERROR: [Vivado 12-4473] Detected error while running simulation. Please correct the issue and retry this operation.
ERROR: [Common 17-39] 'launch_simulation' failed due to earlier errors.
launch_simulation
INFO: [Vivado 12-5698] Checking validity of IPs in the design for the 'XSim' simulator...
INFO: [Vivado 12-5682] Launching behavioral simulation in 'C:/Users/shuyuz/Desktop/Xilinx_work/20190902/AWS_aes/AWS_aes.sim/sim_1/behav/xsim'
INFO: [Vivado 12-4795] Using compiled simulation libraries for IPs
INFO: [SIM-utils-51] Simulation object is 'sim_1'
INFO: [USF-XSim-7] Finding pre-compiled libraries...
INFO: [USF-XSim-11] File 'C:/Xilinx/Vivado/2018.2/data/xsim/xsim.ini' copied to run dir:'C:/Users/shuyuz/Desktop/Xilinx_work/20190902/AWS_aes/AWS_aes.sim/sim_1/behav/xsim'
INFO: [SIM-utils-54] Inspecting design source files for 'AWS_aes_top_tb' in fileset 'sim_1'...
INFO: [USF-XSim-97] Finding global include files...
INFO: [USF-XSim-98] Fetching design files from 'sim_1'...
INFO: [USF-XSim-2] XSim::Compile design
INFO: [USF-XSim-61] Executing 'COMPILE and ANALYZE' step in 'C:/Users/shuyuz/Desktop/Xilinx_work/20190902/AWS_aes/AWS_aes.sim/sim_1/behav/xsim'
"xvlog --incr --relax -prj AWS_aes_top_tb_vlog.prj"
INFO: [VRFC 10-2263] Analyzing Verilog file "C:/Users/shuyuz/Desktop/Xilinx_work/20190902/AWS_aes/AWS_aes.srcs/sources_1/ip/blk_mem_gen_0/sim/blk_mem_gen_0.v" into library xil_defaultlib
INFO: [VRFC 10-311] analyzing module blk_mem_gen_0
INFO: [VRFC 10-2263] Analyzing Verilog file "C:/Users/shuyuz/Desktop/Xilinx_work/20190902/AWS_aes/AWS_aes.srcs/sources_1/ip/clk_wiz_0/clk_wiz_0_clk_wiz.v" into library xil_defaultlib
INFO: [VRFC 10-311] analyzing module clk_wiz_0_clk_wiz
INFO: [VRFC 10-2263] Analyzing Verilog file "C:/Users/shuyuz/Desktop/Xilinx_work/20190902/AWS_aes/AWS_aes.srcs/sources_1/ip/clk_wiz_0/clk_wiz_0.v" into library xil_defaultlib
INFO: [VRFC 10-311] analyzing module clk_wiz_0
INFO: [VRFC 10-2263] Analyzing Verilog file "C:/Users/shuyuz/Desktop/Xilinx_work/20190902/AWS_aes/AWS_aes.srcs/sources_1/new/AWS_aes_top.v" into library xil_defaultlib
INFO: [VRFC 10-311] analyzing module AWS_aes_top
INFO: [VRFC 10-2263] Analyzing Verilog file "C:/Users/shuyuz/Desktop/Xilinx_work/20190902/AWS_aes/verilog/qspi/QSPI_slave.v" into library xil_defaultlib
INFO: [VRFC 10-311] analyzing module QSPI_slave
INFO: [VRFC 10-2263] Analyzing Verilog file "C:/Users/shuyuz/Desktop/Xilinx_work/20190902/AWS_aes/verilog/light_sensor/ad_drive.v" into library xil_defaultlib
INFO: [VRFC 10-311] analyzing module ad_drive
WARNING: [VRFC 10-1315] redeclaration of ansi port data128 is not allowed [C:/Users/shuyuz/Desktop/Xilinx_work/20190902/AWS_aes/verilog/light_sensor/ad_drive.v:39]
INFO: [VRFC 10-2263] Analyzing Verilog file "C:/Users/shuyuz/Desktop/Xilinx_work/20190902/AWS_aes/verilog/aes_cipher_core/aes_cipher_top.v" into library xil_defaultlib
INFO: [VRFC 10-311] analyzing module aes_cipher_top
INFO: [VRFC 10-2263] Analyzing Verilog file "C:/Users/shuyuz/Desktop/Xilinx_work/20190902/AWS_aes/verilog/aes_cipher_core/aes_key_expand_128.v" into library xil_defaultlib
INFO: [VRFC 10-311] analyzing module aes_key_expand_128
INFO: [VRFC 10-2263] Analyzing Verilog file "C:/Users/shuyuz/Desktop/Xilinx_work/20190902/AWS_aes/verilog/aes_cipher_core/aes_rcon.v" into library xil_defaultlib
INFO: [VRFC 10-311] analyzing module aes_rcon
INFO: [VRFC 10-2263] Analyzing Verilog file "C:/Users/shuyuz/Desktop/Xilinx_work/20190902/AWS_aes/verilog/aes_cipher_core/aes_sbox.v" into library xil_defaultlib
INFO: [VRFC 10-311] analyzing module aes_sbox
INFO: [VRFC 10-2263] Analyzing Verilog file "C:/Users/shuyuz/Desktop/Xilinx_work/20190902/AWS_aes/verilog/key_128test/key_128test.v" into library xil_defaultlib
INFO: [VRFC 10-311] analyzing module key_128test
WARNING: [VRFC 10-1315] redeclaration of ansi port en is not allowed [C:/Users/shuyuz/Desktop/Xilinx_work/20190902/AWS_aes/verilog/key_128test/key_128test.v:29]
WARNING: [VRFC 10-1315] redeclaration of ansi port key_data is not allowed [C:/Users/shuyuz/Desktop/Xilinx_work/20190902/AWS_aes/verilog/key_128test/key_128test.v:30]
INFO: [VRFC 10-2263] Analyzing Verilog file "C:/Users/shuyuz/Desktop/Xilinx_work/20190902/AWS_aes/verilog/light_sensor/light_sensor.v" into library xil_defaultlib
INFO: [VRFC 10-311] analyzing module light_sensor
INFO: [VRFC 10-2263] Analyzing Verilog file "C:/Users/shuyuz/Desktop/Xilinx_work/20190902/AWS_aes/verilog/ram_count/ram_count.v" into library xil_defaultlib
INFO: [VRFC 10-311] analyzing module ram_count
INFO: [VRFC 10-2263] Analyzing Verilog file "C:/Users/shuyuz/Desktop/Xilinx_work/20190902/AWS_aes/AWS_aes.srcs/sim_1/new/AWS_aes_top_tb.v" into library xil_defaultlib
INFO: [VRFC 10-311] analyzing module AWS_aes_top_tb
INFO: [USF-XSim-69] 'compile' step finished in '1' seconds
INFO: [USF-XSim-3] XSim::Elaborate design
INFO: [USF-XSim-61] Executing 'ELABORATE' step in 'C:/Users/shuyuz/Desktop/Xilinx_work/20190902/AWS_aes/AWS_aes.sim/sim_1/behav/xsim'
Vivado Simulator 2018.2
Copyright 1986-1999, 2001-2018 Xilinx, Inc. All Rights Reserved.
Running: C:/Xilinx/Vivado/2018.2/bin/unwrapped/win64.o/xelab.exe -wto 94413ddf38c945fc9ff03aa0f06a71bf --incr --debug typical --relax --mt 2 -L blk_mem_gen_v8_4_1 -L xil_defaultlib -L unisims_ver -L unimacro_ver -L secureip -L xpm --snapshot AWS_aes_top_tb_behav xil_defaultlib.AWS_aes_top_tb xil_defaultlib.glbl -log elaborate.log 
Using 2 slave threads.
Starting static elaboration
WARNING: [VRFC 10-278] actual bit length 8 differs from formal bit length 32 for port o_addr [C:/Users/shuyuz/Desktop/Xilinx_work/20190902/AWS_aes/AWS_aes.srcs/sources_1/new/AWS_aes_top.v:131]
ERROR: [VRFC 10-529] concurrent assignment to a non-net R_qspi_io0 is not permitted [C:/Users/shuyuz/Desktop/Xilinx_work/20190902/AWS_aes/AWS_aes.srcs/sim_1/new/AWS_aes_top_tb.v:82]
ERROR: [VRFC 10-1146] non-net variable cannot be connected to inout port qspi_d0 [C:/Users/shuyuz/Desktop/Xilinx_work/20190902/AWS_aes/AWS_aes.srcs/sim_1/new/AWS_aes_top_tb.v:82]
ERROR: [VRFC 10-529] concurrent assignment to a non-net R_qspi_io1 is not permitted [C:/Users/shuyuz/Desktop/Xilinx_work/20190902/AWS_aes/AWS_aes.srcs/sim_1/new/AWS_aes_top_tb.v:83]
ERROR: [VRFC 10-1146] non-net variable cannot be connected to inout port qspi_d1 [C:/Users/shuyuz/Desktop/Xilinx_work/20190902/AWS_aes/AWS_aes.srcs/sim_1/new/AWS_aes_top_tb.v:83]
ERROR: [VRFC 10-529] concurrent assignment to a non-net R_qspi_io2 is not permitted [C:/Users/shuyuz/Desktop/Xilinx_work/20190902/AWS_aes/AWS_aes.srcs/sim_1/new/AWS_aes_top_tb.v:84]
ERROR: [VRFC 10-1146] non-net variable cannot be connected to inout port qspi_d2 [C:/Users/shuyuz/Desktop/Xilinx_work/20190902/AWS_aes/AWS_aes.srcs/sim_1/new/AWS_aes_top_tb.v:84]
ERROR: [VRFC 10-529] concurrent assignment to a non-net R_qspi_io3 is not permitted [C:/Users/shuyuz/Desktop/Xilinx_work/20190902/AWS_aes/AWS_aes.srcs/sim_1/new/AWS_aes_top_tb.v:85]
ERROR: [VRFC 10-1146] non-net variable cannot be connected to inout port qspi_d3 [C:/Users/shuyuz/Desktop/Xilinx_work/20190902/AWS_aes/AWS_aes.srcs/sim_1/new/AWS_aes_top_tb.v:85]
ERROR: [XSIM 43-3322] Static elaboration of top level Verilog design unit(s) in library work failed.
INFO: [USF-XSim-69] 'elaborate' step finished in '1' seconds
INFO: [USF-XSim-99] Step results log file:'C:/Users/shuyuz/Desktop/Xilinx_work/20190902/AWS_aes/AWS_aes.sim/sim_1/behav/xsim/elaborate.log'
ERROR: [USF-XSim-62] 'elaborate' step failed with error(s). Please check the Tcl console output or 'C:/Users/shuyuz/Desktop/Xilinx_work/20190902/AWS_aes/AWS_aes.sim/sim_1/behav/xsim/elaborate.log' file for more information.
ERROR: [Vivado 12-4473] Detected error while running simulation. Please correct the issue and retry this operation.
ERROR: [Common 17-39] 'launch_simulation' failed due to earlier errors.
exit
INFO: [Common 17-206] Exiting Vivado at Thu Sep 26 16:58:14 2019...
